2024-12-02 19:31:16 - Application démarrée
2024-12-02 19:39:36 - Application terminée
2024-12-02 19:50:28 - Application démarrée
2024-12-02 19:55:22 - Application terminée
2024-12-02 20:22:20 - Application démarrée
2024-12-02 20:29:18 - Application terminée
2024-12-02 20:29:32 - Application démarrée
2024-12-02 20:33:21 - Application terminée
2024-12-02 20:33:53 - Application démarrée
2024-12-02 20:49:32 - Application terminée
2024-12-02 22:53:30 - Application démarrée
2024-12-02 22:54:59 - Temps mis à jour : 0:00:01
2024-12-02 22:55:00 - Temps mis à jour : 0:00:02
2024-12-02 22:55:01 - Temps mis à jour : 0:00:03
2024-12-02 22:55:02 - Temps mis à jour : 0:00:04
2024-12-02 22:55:03 - Temps mis à jour : 0:00:05
2024-12-02 22:55:04 - Temps mis à jour : 0:00:06
2024-12-02 22:55:05 - Temps mis à jour : 0:00:07
2024-12-02 22:55:06 - Temps mis à jour : 0:00:08
2024-12-02 22:55:08 - Temps mis à jour : 0:00:09
2024-12-02 22:55:08 - Temps mis à jour : 0:00:10
2024-12-02 22:55:09 - Temps mis à jour : 0:00:11
2024-12-02 22:55:10 - Temps mis à jour : 0:00:12
2024-12-02 22:55:11 - Temps mis à jour : 0:00:13
2024-12-02 22:55:12 - Temps mis à jour : 0:00:14
2024-12-02 22:55:13 - Temps mis à jour : 0:00:15
2024-12-02 22:55:14 - Temps mis à jour : 0:00:16
2024-12-02 22:55:15 - Temps mis à jour : 0:00:17
2024-12-02 22:55:16 - Temps mis à jour : 0:00:18
2024-12-02 22:55:17 - Temps mis à jour : 0:00:19
2024-12-02 22:55:18 - Temps mis à jour : 0:00:20
2024-12-02 22:55:19 - Temps mis à jour : 0:00:21
2024-12-02 22:55:20 - Simulation mise en pause
2024-12-02 22:55:20 - Simulation arrêtée
2024-12-02 22:55:22 - Application terminée
2024-12-02 23:39:38 - Application démarrée
2024-12-02 23:44:11 - Application terminée
2024-12-02 23:44:28 - Application démarrée
2024-12-02 23:48:09 - Application terminée
2024-12-02 23:48:13 - Application démarrée
2024-12-02 23:52:02 - Application terminée
2024-12-02 23:52:16 - Application démarrée
2024-12-02 23:55:41 - Application terminée
2024-12-03 00:05:24 - Application démarrée
2024-12-03 00:06:20 - Application terminée
