2024-12-01 09:50:51 - Application démarrée
2024-12-01 09:50:57 - Temps mis à jour : 0:00:01
2024-12-01 09:50:58 - Temps mis à jour : 0:00:02
2024-12-01 09:50:59 - Temps mis à jour : 0:00:03
2024-12-01 09:51:00 - Temps mis à jour : 0:00:04
2024-12-01 09:51:01 - Temps mis à jour : 0:00:05
2024-12-01 09:51:02 - Temps mis à jour : 0:00:06
2024-12-01 09:51:03 - Temps mis à jour : 0:00:07
2024-12-01 09:51:04 - Temps mis à jour : 0:00:08
2024-12-01 09:51:05 - Temps mis à jour : 0:00:09
2024-12-01 09:51:06 - Temps mis à jour : 0:00:10
2024-12-01 09:51:07 - Temps mis à jour : 0:00:11
2024-12-01 09:51:08 - Temps mis à jour : 0:00:12
2024-12-01 09:51:09 - Temps mis à jour : 0:00:13
2024-12-01 09:51:10 - Temps mis à jour : 0:00:14
2024-12-01 09:51:11 - Temps mis à jour : 0:00:15
2024-12-01 09:51:12 - Temps mis à jour : 0:00:16
2024-12-01 09:51:13 - Temps mis à jour : 0:00:17
2024-12-01 09:51:14 - Temps mis à jour : 0:00:18
2024-12-01 09:51:15 - Temps mis à jour : 0:00:19
2024-12-01 09:51:16 - Temps mis à jour : 0:00:20
2024-12-01 09:51:17 - Temps mis à jour : 0:00:21
2024-12-01 09:51:18 - Temps mis à jour : 0:00:22
2024-12-01 09:51:19 - Temps mis à jour : 0:00:23
2024-12-01 09:51:20 - Temps mis à jour : 0:00:24
2024-12-01 09:51:21 - Temps mis à jour : 0:00:25
2024-12-01 09:51:22 - Temps mis à jour : 0:00:26
2024-12-01 09:51:23 - Temps mis à jour : 0:00:27
2024-12-01 09:51:24 - Temps mis à jour : 0:00:28
2024-12-01 09:51:25 - Temps mis à jour : 0:00:29
2024-12-01 09:51:26 - Temps mis à jour : 0:00:30
2024-12-01 09:51:27 - Temps mis à jour : 0:00:31
2024-12-01 09:51:28 - Temps mis à jour : 0:00:32
2024-12-01 09:51:29 - Temps mis à jour : 0:00:33
2024-12-01 09:51:30 - Temps mis à jour : 0:00:34
2024-12-01 09:51:31 - Temps mis à jour : 0:00:35
2024-12-01 09:51:32 - Temps mis à jour : 0:00:36
2024-12-01 09:51:33 - Temps mis à jour : 0:00:37
2024-12-01 09:51:34 - Temps mis à jour : 0:00:38
2024-12-01 09:51:35 - Temps mis à jour : 0:00:39
2024-12-01 09:51:36 - Temps mis à jour : 0:00:40
2024-12-01 09:51:37 - Temps mis à jour : 0:00:41
2024-12-01 09:51:38 - Temps mis à jour : 0:00:42
2024-12-01 09:51:39 - Temps mis à jour : 0:00:43
2024-12-01 09:51:40 - Temps mis à jour : 0:00:44
2024-12-01 09:51:41 - Temps mis à jour : 0:00:45
2024-12-01 09:51:42 - Temps mis à jour : 0:00:46
2024-12-01 09:51:43 - Temps mis à jour : 0:00:47
2024-12-01 09:51:44 - Temps mis à jour : 0:00:48
2024-12-01 09:51:45 - Temps mis à jour : 0:00:49
2024-12-01 09:51:45 - Simulation mise en pause
2024-12-01 09:51:45 - Simulation arrêtée
2024-12-01 09:51:49 - Application terminée
2024-12-01 09:53:40 - Application démarrée
2024-12-01 09:53:51 - Temps mis à jour : 0:00:01
2024-12-01 09:53:52 - Temps mis à jour : 0:00:02
2024-12-01 09:53:53 - Temps mis à jour : 0:00:03
2024-12-01 09:53:54 - Temps mis à jour : 0:00:04
2024-12-01 09:53:55 - Temps mis à jour : 0:00:05
2024-12-01 09:53:56 - Temps mis à jour : 0:00:06
2024-12-01 09:53:57 - Temps mis à jour : 0:00:07
2024-12-01 09:53:58 - Temps mis à jour : 0:00:08
2024-12-01 09:53:59 - Temps mis à jour : 0:00:09
2024-12-01 09:54:00 - Temps mis à jour : 0:00:10
2024-12-01 09:54:00 - Simulation mise en pause
2024-12-01 09:54:00 - Simulation arrêtée
2024-12-01 09:54:02 - Application terminée
2024-12-01 10:27:57 - Application démarrée
2024-12-01 10:28:05 - Temps mis à jour : 0:00:01
2024-12-01 10:28:06 - Temps mis à jour : 0:00:02
2024-12-01 10:28:07 - Temps mis à jour : 0:00:03
2024-12-01 10:28:08 - Temps mis à jour : 0:00:04
2024-12-01 10:28:09 - Temps mis à jour : 0:00:05
2024-12-01 10:28:10 - Temps mis à jour : 0:00:06
2024-12-01 10:28:11 - Temps mis à jour : 0:00:07
2024-12-01 10:28:12 - Temps mis à jour : 0:00:08
2024-12-01 10:28:13 - Temps mis à jour : 0:00:09
2024-12-01 10:28:14 - Temps mis à jour : 0:00:10
2024-12-01 10:28:15 - Temps mis à jour : 0:00:11
2024-12-01 10:28:16 - Temps mis à jour : 0:00:12
2024-12-01 10:28:17 - Temps mis à jour : 0:00:13
2024-12-01 10:28:18 - Temps mis à jour : 0:00:14
2024-12-01 10:28:19 - Temps mis à jour : 0:00:15
2024-12-01 10:28:20 - Temps mis à jour : 0:00:16
2024-12-01 10:28:21 - Temps mis à jour : 0:00:17
2024-12-01 10:28:22 - Temps mis à jour : 0:00:18
2024-12-01 10:28:23 - Temps mis à jour : 0:00:19
2024-12-01 10:28:24 - Mode simulation accéléré activé
2024-12-01 10:28:24 - Temps mis à jour : 0:00:21
2024-12-01 10:28:25 - Temps mis à jour : 0:00:23
2024-12-01 10:28:25 - Temps mis à jour : 0:00:25
2024-12-01 10:28:26 - Temps mis à jour : 0:00:27
2024-12-01 10:28:26 - Temps mis à jour : 0:00:29
2024-12-01 10:28:27 - Temps mis à jour : 0:00:31
2024-12-01 10:28:27 - Temps mis à jour : 0:00:33
2024-12-01 10:28:28 - Temps mis à jour : 0:00:35
2024-12-01 10:28:28 - Temps mis à jour : 0:00:37
2024-12-01 10:28:29 - Temps mis à jour : 0:00:39
2024-12-01 10:28:29 - Temps mis à jour : 0:00:41
2024-12-01 10:28:30 - Temps mis à jour : 0:00:43
2024-12-01 10:28:30 - Temps mis à jour : 0:00:45
2024-12-01 10:28:31 - Temps mis à jour : 0:00:47
2024-12-01 10:28:31 - Temps mis à jour : 0:00:49
2024-12-01 10:28:32 - Temps mis à jour : 0:00:51
2024-12-01 10:28:32 - Temps mis à jour : 0:00:53
2024-12-01 10:28:33 - Temps mis à jour : 0:00:55
2024-12-01 10:28:33 - Temps mis à jour : 0:00:57
2024-12-01 10:28:33 - Simulation mise en pause
2024-12-01 10:28:38 - Temps mis à jour : 0:00:59
2024-12-01 10:28:39 - Temps mis à jour : 0:01:01
2024-12-01 10:28:40 - Temps mis à jour : 0:01:03
2024-12-01 10:28:41 - Temps mis à jour : 0:01:05
2024-12-01 10:28:42 - Application terminée
2024-12-01 11:01:32 - Application démarrée
2024-12-01 11:01:48 - Application terminée
2024-12-01 11:15:04 - Application démarrée
2024-12-01 11:15:11 - Temps mis à jour : 0:00:01
2024-12-01 11:15:12 - Temps mis à jour : 0:00:02
2024-12-01 11:15:13 - Temps mis à jour : 0:00:03
2024-12-01 11:15:14 - Temps mis à jour : 0:00:04
2024-12-01 11:15:15 - Temps mis à jour : 0:00:05
2024-12-01 11:15:16 - Temps mis à jour : 0:00:06
2024-12-01 11:15:17 - Temps mis à jour : 0:00:07
2024-12-01 11:15:18 - Temps mis à jour : 0:00:08
2024-12-01 11:15:19 - Temps mis à jour : 0:00:09
2024-12-01 11:15:20 - Temps mis à jour : 0:00:10
2024-12-01 11:15:21 - Temps mis à jour : 0:00:11
2024-12-01 11:15:22 - Temps mis à jour : 0:00:12
2024-12-01 11:15:22 - Simulation mise en pause
2024-12-01 11:15:22 - Simulation arrêtée
2024-12-01 11:15:25 - Application terminée
2024-12-01 11:23:54 - Application démarrée
2024-12-01 11:24:08 - Temps mis à jour : 0:00:01
2024-12-01 11:24:09 - Temps mis à jour : 0:00:02
2024-12-01 11:24:10 - Temps mis à jour : 0:00:03
2024-12-01 11:24:11 - Temps mis à jour : 0:00:04
2024-12-01 11:24:12 - Temps mis à jour : 0:00:05
2024-12-01 11:24:13 - Temps mis à jour : 0:00:06
2024-12-01 11:24:14 - Temps mis à jour : 0:00:07
2024-12-01 11:24:15 - Temps mis à jour : 0:00:08
2024-12-01 11:24:16 - Temps mis à jour : 0:00:09
2024-12-01 11:24:17 - Temps mis à jour : 0:00:10
2024-12-01 11:24:18 - Temps mis à jour : 0:00:11
2024-12-01 11:24:19 - Temps mis à jour : 0:00:12
2024-12-01 11:24:20 - Temps mis à jour : 0:00:13
2024-12-01 11:24:21 - Temps mis à jour : 0:00:14
2024-12-01 11:24:22 - Temps mis à jour : 0:00:15
2024-12-01 11:24:23 - Temps mis à jour : 0:00:16
2024-12-01 11:24:24 - Temps mis à jour : 0:00:17
2024-12-01 11:24:25 - Temps mis à jour : 0:00:18
2024-12-01 11:24:26 - Temps mis à jour : 0:00:19
2024-12-01 11:24:27 - Temps mis à jour : 0:00:20
2024-12-01 11:24:28 - Temps mis à jour : 0:00:21
2024-12-01 11:24:28 - Application terminée
2024-12-01 11:44:18 - Application démarrée
2024-12-01 11:44:51 - Temps mis à jour : 0:00:01
2024-12-01 11:44:52 - Temps mis à jour : 0:00:02
2024-12-01 11:44:53 - Temps mis à jour : 0:00:03
2024-12-01 11:44:54 - Temps mis à jour : 0:00:04
2024-12-01 11:44:55 - Temps mis à jour : 0:00:05
2024-12-01 11:44:56 - Temps mis à jour : 0:00:06
2024-12-01 11:44:57 - Temps mis à jour : 0:00:07
2024-12-01 11:44:58 - Temps mis à jour : 0:00:08
2024-12-01 11:44:59 - Temps mis à jour : 0:00:09
2024-12-01 11:45:00 - Temps mis à jour : 0:00:10
2024-12-01 11:45:01 - Temps mis à jour : 0:00:11
2024-12-01 11:45:02 - Temps mis à jour : 0:00:12
2024-12-01 11:45:03 - Temps mis à jour : 0:00:13
2024-12-01 11:45:04 - Temps mis à jour : 0:00:14
2024-12-01 11:45:05 - Temps mis à jour : 0:00:15
2024-12-01 11:45:06 - Temps mis à jour : 0:00:16
2024-12-01 11:45:07 - Simulation mise en pause
2024-12-01 11:45:07 - Simulation arrêtée
2024-12-01 11:45:09 - Temps mis à jour : 0:00:01
2024-12-01 11:45:10 - Temps mis à jour : 0:00:02
2024-12-01 11:45:11 - Temps mis à jour : 0:00:03
2024-12-01 11:45:12 - Temps mis à jour : 0:00:04
2024-12-01 11:45:13 - Temps mis à jour : 0:00:05
2024-12-01 11:45:14 - Temps mis à jour : 0:00:06
2024-12-01 11:45:15 - Temps mis à jour : 0:00:07
2024-12-01 11:45:16 - Temps mis à jour : 0:00:08
2024-12-01 12:03:00 - Application démarrée
2024-12-01 12:03:11 - Temps mis à jour : 0:00:01
2024-12-01 12:03:12 - Temps mis à jour : 0:00:02
2024-12-01 12:03:13 - Temps mis à jour : 0:00:03
2024-12-01 12:03:14 - Temps mis à jour : 0:00:04
2024-12-01 12:03:15 - Temps mis à jour : 0:00:05
2024-12-01 12:03:16 - Temps mis à jour : 0:00:06
2024-12-01 12:03:17 - Temps mis à jour : 0:00:07
2024-12-01 12:03:18 - Temps mis à jour : 0:00:08
2024-12-01 12:03:19 - Temps mis à jour : 0:00:09
2024-12-01 12:03:20 - Temps mis à jour : 0:00:10
2024-12-01 12:03:21 - Temps mis à jour : 0:00:11
2024-12-01 12:03:22 - Temps mis à jour : 0:00:12
2024-12-01 12:03:23 - Temps mis à jour : 0:00:13
2024-12-01 12:03:24 - Temps mis à jour : 0:00:14
2024-12-01 12:03:25 - Temps mis à jour : 0:00:15
2024-12-01 12:03:26 - Temps mis à jour : 0:00:16
2024-12-01 12:03:27 - Temps mis à jour : 0:00:17
2024-12-01 12:03:28 - Temps mis à jour : 0:00:18
2024-12-01 12:03:28 - Simulation mise en pause
2024-12-01 12:03:28 - Simulation arrêtée
2024-12-01 12:03:31 - Simulation arrêtée
2024-12-01 12:03:31 - Simulation arrêtée
2024-12-01 12:03:32 - Simulation arrêtée
2024-12-01 12:03:34 - Temps mis à jour : 0:00:01
2024-12-01 12:03:35 - Temps mis à jour : 0:00:02
2024-12-01 12:03:36 - Temps mis à jour : 0:00:03
2024-12-01 12:03:37 - Temps mis à jour : 0:00:04
2024-12-01 12:03:38 - Temps mis à jour : 0:00:05
2024-12-01 12:03:39 - Temps mis à jour : 0:00:06
2024-12-01 12:03:40 - Temps mis à jour : 0:00:07
2024-12-01 12:03:40 - Application terminée
2024-12-01 12:04:07 - Application démarrée
2024-12-01 12:04:14 - Temps mis à jour : 0:00:01
2024-12-01 12:04:14 - Simulation mise en pause
2024-12-01 12:04:19 - Temps mis à jour : 0:00:02
2024-12-01 12:04:20 - Temps mis à jour : 0:00:03
2024-12-01 12:04:21 - Temps mis à jour : 0:00:04
2024-12-01 12:04:22 - Temps mis à jour : 0:00:05
2024-12-01 12:04:23 - Temps mis à jour : 0:00:06
2024-12-01 12:04:23 - Simulation mise en pause
2024-12-01 12:28:53 - Temps mis à jour : 0:00:07
2024-12-01 12:28:54 - Temps mis à jour : 0:00:08
2024-12-01 12:28:55 - Temps mis à jour : 0:00:09
2024-12-01 12:28:56 - Temps mis à jour : 0:00:10
2024-12-01 12:28:57 - Temps mis à jour : 0:00:11
2024-12-01 12:28:58 - Simulation mise en pause
2024-12-01 12:28:58 - Simulation arrêtée
2024-12-01 12:29:00 - Temps mis à jour : 0:00:01
2024-12-01 12:29:01 - Temps mis à jour : 0:00:02
2024-12-01 12:29:02 - Temps mis à jour : 0:00:03
2024-12-01 12:29:03 - Temps mis à jour : 0:00:04
2024-12-01 12:29:04 - Temps mis à jour : 0:00:05
2024-12-01 12:29:05 - Temps mis à jour : 0:00:06
2024-12-01 12:29:06 - Temps mis à jour : 0:00:07
2024-12-01 12:29:07 - Temps mis à jour : 0:00:08
2024-12-01 12:29:08 - Temps mis à jour : 0:00:09
2024-12-01 12:29:09 - Temps mis à jour : 0:00:10
2024-12-01 12:29:10 - Temps mis à jour : 0:00:11
2024-12-01 12:29:11 - Temps mis à jour : 0:00:12
2024-12-01 12:29:12 - Temps mis à jour : 0:00:13
2024-12-01 12:29:13 - Temps mis à jour : 0:00:14
2024-12-01 12:29:14 - Temps mis à jour : 0:00:15
2024-12-01 12:29:15 - Simulation mise en pause
2024-12-01 12:29:15 - Simulation arrêtée
2024-12-01 12:29:17 - Temps mis à jour : 0:00:01
2024-12-01 12:29:18 - Temps mis à jour : 0:00:02
2024-12-01 12:29:19 - Temps mis à jour : 0:00:03
2024-12-01 12:29:20 - Temps mis à jour : 0:00:04
2024-12-01 12:29:21 - Temps mis à jour : 0:00:05
2024-12-01 12:29:22 - Temps mis à jour : 0:00:06
2024-12-01 12:29:23 - Simulation mise en pause
2024-12-01 12:29:23 - Simulation arrêtée
2024-12-01 12:35:23 - Temps mis à jour : 0:00:01
2024-12-01 12:35:24 - Temps mis à jour : 0:00:02
2024-12-01 12:35:25 - Temps mis à jour : 0:00:03
2024-12-01 12:35:26 - Temps mis à jour : 0:00:04
2024-12-01 12:35:27 - Temps mis à jour : 0:00:05
2024-12-01 12:35:28 - Temps mis à jour : 0:00:06
2024-12-01 12:35:29 - Temps mis à jour : 0:00:07
2024-12-01 12:35:30 - Temps mis à jour : 0:00:08
2024-12-01 12:35:48 - Application démarrée
2024-12-01 12:35:50 - Temps mis à jour : 0:00:01
2024-12-01 12:35:51 - Temps mis à jour : 0:00:02
2024-12-01 12:35:52 - Temps mis à jour : 0:00:03
2024-12-01 12:35:53 - Temps mis à jour : 0:00:04
2024-12-01 12:35:54 - Temps mis à jour : 0:00:05
2024-12-01 12:35:55 - Temps mis à jour : 0:00:06
2024-12-01 12:35:56 - Temps mis à jour : 0:00:07
2024-12-01 12:35:57 - Temps mis à jour : 0:00:08
2024-12-01 12:35:58 - Temps mis à jour : 0:00:09
2024-12-01 12:35:59 - Temps mis à jour : 0:00:10
2024-12-01 12:36:00 - Simulation mise en pause
2024-12-01 12:36:00 - Simulation arrêtée
2024-12-01 12:36:02 - Simulation arrêtée
2024-12-01 12:36:03 - Simulation arrêtée
2024-12-01 12:36:03 - Simulation arrêtée
2024-12-01 12:36:04 - Simulation arrêtée
2024-12-01 12:36:11 - Temps mis à jour : 0:00:01
2024-12-01 12:36:12 - Temps mis à jour : 0:00:02
2024-12-01 12:36:13 - Temps mis à jour : 0:00:03
2024-12-01 12:36:14 - Temps mis à jour : 0:00:04
2024-12-01 12:36:14 - Application terminée
