2024-12-02 19:31:16 - Application démarrée
2024-12-03 13:51:25 - Application terminée
2024-12-02 19:50:28 - Application démarrée
2024-12-02 19:55:22 - Application terminée
2024-12-02 20:22:20 - Application démarrée
2024-12-02 20:29:18 - Application terminée
2024-12-02 20:29:32 - Application démarrée
2024-12-02 20:33:21 - Application terminée
2024-12-02 20:33:53 - Application démarrée
2024-12-02 20:49:32 - Application terminée
2024-12-02 22:53:30 - Application démarrée
2024-12-02 22:54:59 - Temps mis à jour : 0:00:01
2024-12-02 22:55:00 - Temps mis à jour : 0:00:02
2024-12-02 22:55:01 - Temps mis à jour : 0:00:03
2024-12-02 22:55:02 - Temps mis à jour : 0:00:04
2024-12-02 22:55:03 - Temps mis à jour : 0:00:05
2024-12-02 22:55:04 - Temps mis à jour : 0:00:06
2024-12-02 22:55:05 - Temps mis à jour : 0:00:07
2024-12-02 22:55:06 - Temps mis à jour : 0:00:08
2024-12-02 22:55:08 - Temps mis à jour : 0:00:09
2024-12-02 22:55:08 - Temps mis à jour : 0:00:10
2024-12-02 22:55:09 - Temps mis à jour : 0:00:11
2024-12-02 22:55:10 - Temps mis à jour : 0:00:12
2024-12-02 22:55:11 - Temps mis à jour : 0:00:13
2024-12-02 22:55:12 - Temps mis à jour : 0:00:14
2024-12-02 22:55:13 - Temps mis à jour : 0:00:15
2024-12-02 22:55:14 - Temps mis à jour : 0:00:16
2024-12-02 22:55:15 - Temps mis à jour : 0:00:17
2024-12-02 22:55:16 - Temps mis à jour : 0:00:18
2024-12-02 22:55:17 - Temps mis à jour : 0:00:19
2024-12-02 22:55:18 - Temps mis à jour : 0:00:20
2024-12-02 22:55:19 - Temps mis à jour : 0:00:21
2024-12-02 22:55:20 - Simulation mise en pause
2024-12-02 22:55:20 - Simulation arrêtée
2024-12-02 22:55:22 - Application terminée
2024-12-02 23:39:38 - Application démarrée
2024-12-02 23:44:11 - Application terminée
2024-12-02 23:44:28 - Application démarrée
2024-12-02 23:48:09 - Application terminée
2024-12-02 23:48:13 - Application démarrée
2024-12-02 23:52:02 - Application terminée
2024-12-02 23:52:16 - Application démarrée
2024-12-02 23:55:41 - Application terminée
2024-12-03 00:05:24 - Application démarrée
2024-12-03 00:06:20 - Application terminée
2024-12-03 13:51:36 - Application démarrée
2024-12-03 14:43:18 - Temps mis à jour : 0:00:01
2024-12-03 14:43:19 - Temps mis à jour : 0:00:02
2024-12-03 14:43:20 - Temps mis à jour : 0:00:03
2024-12-03 14:43:21 - Temps mis à jour : 0:00:04
2024-12-03 14:43:22 - Temps mis à jour : 0:00:05
2024-12-03 14:43:23 - Temps mis à jour : 0:00:06
2024-12-03 14:43:24 - Temps mis à jour : 0:00:07
2024-12-03 14:43:25 - Temps mis à jour : 0:00:08
2024-12-03 14:43:26 - Temps mis à jour : 0:00:09
2024-12-03 14:43:27 - Temps mis à jour : 0:00:10
2024-12-03 14:43:28 - Temps mis à jour : 0:00:11
2024-12-03 14:43:29 - Temps mis à jour : 0:00:12
2024-12-03 14:43:30 - Temps mis à jour : 0:00:13
2024-12-03 14:43:31 - Temps mis à jour : 0:00:14
2024-12-03 14:43:32 - Simulation mise en pause
2024-12-03 14:43:32 - Simulation arrêtée
2024-12-03 14:43:35 - Temps mis à jour : 0:00:01
2024-12-03 14:43:36 - Temps mis à jour : 0:00:02
2024-12-03 14:43:37 - Temps mis à jour : 0:00:03
2024-12-03 14:43:38 - Temps mis à jour : 0:00:04
2024-12-03 14:43:39 - Temps mis à jour : 0:00:05
2024-12-03 14:43:39 - Simulation mise en pause
2024-12-03 14:43:39 - Simulation arrêtée
2024-12-03 14:55:03 - Temps mis à jour : 0:00:01
2024-12-03 14:55:04 - Temps mis à jour : 0:00:02
2024-12-03 14:55:05 - Temps mis à jour : 0:00:03
2024-12-03 14:55:06 - Temps mis à jour : 0:00:04
2024-12-03 14:55:07 - Temps mis à jour : 0:00:05
2024-12-03 14:55:08 - Temps mis à jour : 0:00:06
2024-12-03 14:55:09 - Temps mis à jour : 0:00:07
2024-12-03 14:55:10 - Temps mis à jour : 0:00:08
2024-12-03 14:55:19 - Application démarrée
2024-12-03 15:09:18 - Application terminée
2024-12-03 15:09:20 - Application démarrée
2024-12-03 15:55:16 - Application terminée
2024-12-03 15:55:56 - Application démarrée
2024-12-03 15:56:04 - Application terminée
2024-12-04 09:52:09 - Application démarrée
2024-12-04 09:53:49 - Application terminée
2024-12-04 09:53:51 - Application démarrée
2024-12-04 09:53:53 - Application terminée
2024-12-04 12:55:18 - Application démarrée
2024-12-04 12:55:55 - Application terminée
2024-12-04 13:09:16 - Application démarrée
2024-12-04 13:12:43 - Application terminée
2024-12-04 14:18:22 - Application démarrée
2024-12-04 14:18:31 - Application terminée
2024-12-05 11:08:02 - Application démarrée
2024-12-05 11:08:27 - Application terminée
2024-12-05 12:49:21 - Application démarrée
2024-12-05 12:55:25 - Application terminée
2024-12-05 13:40:40 - Application démarrée
2024-12-05 13:40:50 - Application terminée
2024-12-06 14:23:43 - Application démarrée
2024-12-06 14:24:16 - Application terminée
2024-12-06 14:24:24 - Application démarrée
2024-12-06 14:52:52 - Application terminée
2024-12-06 14:53:03 - Application démarrée
2024-12-06 14:53:43 - Application terminée
2024-12-06 15:22:36 - Application démarrée
2024-12-06 15:39:00 - Application terminée
2024-12-06 15:39:08 - Application démarrée
2024-12-06 15:46:34 - Application terminée
2024-12-06 15:46:42 - Application démarrée
2024-12-06 15:49:26 - Application terminée
2024-12-06 15:49:35 - Application démarrée
2024-12-06 16:00:07 - Application terminée
2024-12-06 16:00:16 - Application démarrée
2024-12-06 16:00:37 - Application terminée
2024-12-06 16:00:46 - Application démarrée
2024-12-06 16:01:17 - Application terminée
2024-12-06 16:01:26 - Application démarrée
2024-12-06 16:02:26 - Application terminée
2024-12-06 16:02:34 - Application démarrée
2024-12-06 16:04:22 - Application terminée
2024-12-06 16:04:31 - Application démarrée
2024-12-06 16:05:04 - Application terminée
2024-12-06 16:05:12 - Application démarrée
2024-12-06 16:06:00 - Application terminée
2024-12-06 16:06:09 - Application démarrée
2024-12-06 16:06:44 - Application terminée
2024-12-06 16:06:52 - Application démarrée
2024-12-06 16:07:16 - Application terminée
2024-12-06 16:07:24 - Application démarrée
2024-12-06 16:08:13 - Application terminée
2024-12-06 16:08:21 - Application démarrée
2024-12-06 16:08:34 - Application terminée
2024-12-06 16:08:42 - Application démarrée
2024-12-06 16:09:30 - Application terminée
2024-12-06 16:09:39 - Application démarrée
2024-12-06 16:10:13 - Application terminée
2024-12-06 16:10:21 - Application démarrée
2024-12-06 16:10:45 - Application terminée
2024-12-06 16:10:53 - Application démarrée
2024-12-06 16:13:27 - Application terminée
2024-12-06 16:13:35 - Application démarrée
2024-12-06 16:14:02 - Application terminée
2024-12-06 16:14:11 - Application démarrée
2024-12-06 16:14:20 - Application terminée
2024-12-06 16:14:29 - Application démarrée
2024-12-06 16:14:47 - Application terminée
2024-12-06 16:14:55 - Application démarrée
2024-12-06 16:16:25 - Application terminée
2024-12-06 16:16:34 - Application démarrée
2024-12-06 16:16:40 - Application terminée
2024-12-06 16:16:49 - Application démarrée
2024-12-06 16:17:14 - Application terminée
2024-12-06 16:17:22 - Application démarrée
2024-12-06 16:18:09 - Application terminée
2024-12-06 16:18:18 - Application démarrée
2024-12-06 16:18:57 - Application terminée
2024-12-06 16:19:05 - Application démarrée
2024-12-06 16:19:45 - Application terminée
2024-12-06 16:19:55 - Application démarrée
2024-12-06 16:20:20 - Application terminée
2024-12-06 16:20:28 - Application démarrée
2024-12-06 16:20:51 - Application terminée
2024-12-06 16:20:58 - Application démarrée
2024-12-06 16:21:42 - Application terminée
2024-12-06 16:21:50 - Application démarrée
2024-12-06 16:22:05 - Application terminée
2024-12-06 16:22:13 - Application démarrée
2024-12-06 16:22:26 - Application terminée
2024-12-06 16:22:33 - Application démarrée
2024-12-06 16:23:10 - Application terminée
2024-12-06 16:23:18 - Application démarrée
2024-12-06 16:23:51 - Application terminée
2024-12-06 16:23:58 - Application démarrée
2024-12-06 16:24:46 - Application terminée
2024-12-06 16:24:54 - Application démarrée
2024-12-06 16:26:03 - Application terminée
2024-12-06 16:26:11 - Application démarrée
2024-12-06 16:26:26 - Application terminée
2024-12-06 16:26:30 - Application démarrée
2024-12-06 16:26:34 - Application terminée
2024-12-06 16:26:53 - Application démarrée
2024-12-06 16:45:36 - Application terminée
2024-12-06 16:45:44 - Application démarrée
2024-12-06 16:48:35 - Application terminée
2024-12-06 20:58:46 - Application démarrée
2024-12-06 20:59:16 - Temps mis à jour : 0:00:01
2024-12-06 20:59:17 - Temps mis à jour : 0:00:02
2024-12-06 20:59:18 - Temps mis à jour : 0:00:03
2024-12-06 20:59:19 - Simulation mise en pause
2024-12-06 20:59:21 - Simulation arrêtée
2024-12-06 20:59:22 - Mode simulation accéléré activé
2024-12-06 20:59:24 - Temps mis à jour : 0:00:02
2024-12-06 20:59:24 - Mode simulation normal activé
2024-12-06 20:59:25 - Temps mis à jour : 0:00:03
2024-12-06 20:59:26 - Simulation mise en pause
2024-12-06 21:04:44 - Application terminée
2024-12-06 21:54:40 - Application démarrée
2024-12-06 21:54:50 - Application terminée
2024-12-07 09:36:21 - Application démarrée
2024-12-07 09:36:40 - Application terminée
2024-12-07 10:06:52 - Application démarrée
2024-12-07 10:06:57 - Temps mis à jour : 0:00:01
2024-12-07 10:06:58 - Temps mis à jour : 0:00:02
2024-12-07 10:06:59 - Temps mis à jour : 0:00:03
2024-12-07 10:07:00 - Temps mis à jour : 0:00:04
2024-12-07 10:07:01 - Temps mis à jour : 0:00:05
2024-12-07 10:07:02 - Temps mis à jour : 0:00:06
2024-12-07 10:07:03 - Temps mis à jour : 0:00:07
2024-12-07 10:07:04 - Temps mis à jour : 0:00:08
2024-12-07 10:07:04 - Simulation mise en pause
2024-12-07 10:07:09 - Temps mis à jour : 0:00:09
2024-12-07 10:07:10 - Temps mis à jour : 0:00:10
2024-12-07 10:07:10 - Mode simulation accéléré activé
2024-12-07 10:07:11 - Temps mis à jour : 0:00:12
2024-12-07 10:07:11 - Temps mis à jour : 0:00:14
2024-12-07 10:07:11 - Simulation mise en pause
2024-12-07 10:11:46 - Application terminée
2024-12-07 10:12:05 - Application démarrée
2024-12-07 10:14:27 - Application terminée
